<?xml-stylesheet type='text/xsl' href='coverage.xsl'?>
<CoverageSession>
  <Module hash="846bdfa0-e24a-4dd7-9d6e-3e55c3cf0712">
    <FullName>MiniCover.Tests</FullName>
    <ModuleName>MiniCover.Tests</ModuleName>
    <File uid="1" fullPath="/home/carlos/micover/minicover/test/MiniCover.Tests/AnotherClass.cs" />
    <Class>
      <FullName>MiniCover.Tests.AnotherClass</FullName>
      <Method visited="true" isConstructor="false">
        <Name>System.Int32 MiniCover.Tests.AnotherClass::get_SomeProperty()</Name>
        <FileRef uid="1" />
        <SequencePoint vc="1" uspid="1" ordinal="1" sl="11" sc="17" el="11" ec="38" />
      </Method>
      <Method visited="true" isConstructor="false">
        <Name>System.Void MiniCover.Tests.AnotherClass::set_SomeProperty(System.Int32)</Name>
        <FileRef uid="1" />
        <SequencePoint vc="1" uspid="2" ordinal="1" sl="15" sc="17" el="15" ec="39" />
      </Method>
      <Method visited="true" isConstructor="false">
        <Name>System.Int32 MiniCover.Tests.AnotherClass::SomeMethod()</Name>
        <FileRef uid="1" />
        <SequencePoint vc="1" uspid="3" ordinal="1" sl="21" sc="13" el="21" ec="37" />
      </Method>
      <Method visited="true" isConstructor="false">
        <Name>System.Void MiniCover.Tests.AnotherClass::AnotherMethod()</Name>
        <FileRef uid="1" />
        <SequencePoint vc="1" uspid="4" ordinal="1" sl="26" sc="13" el="26" ec="45" />
      </Method>
      <Method visited="true" isConstructor="true">
        <Name>System.Void MiniCover.Tests.AnotherClass::.ctor()</Name>
        <FileRef uid="1" />
        <SequencePoint vc="1" uspid="5" ordinal="1" sl="5" sc="9" el="5" ec="39" />
      </Method>
    </Class>
  </Module>
  <Module hash="14e70cce-128b-447e-83bc-5df494b828b3">
    <FullName>MiniCover.XUnit.Tests</FullName>
    <ModuleName>MiniCover.XUnit.Tests</ModuleName>
    <File uid="2" fullPath="/home/carlos/micover/minicover/test/MiniCover.XUnit.Tests/UnitTest1.cs" />
    <Class>
      <FullName>MiniCover.XUnit.Tests.UnitTest1</FullName>
      <Method visited="true" isConstructor="false">
        <Name>System.Void MiniCover.XUnit.Tests.UnitTest1::XUnitTest1()</Name>
        <FileRef uid="2" />
        <SequencePoint vc="1" uspid="6" ordinal="1" sl="11" sc="13" el="11" ec="23" />
        <SequencePoint vc="1" uspid="7" ordinal="2" sl="12" sc="13" el="12" ec="23" />
        <SequencePoint vc="1" uspid="8" ordinal="3" sl="13" sc="13" el="13" ec="27" />
        <SequencePoint vc="1" uspid="9" ordinal="4" sl="15" sc="13" el="15" ec="32" />
        <SequencePoint vc="1" uspid="10" ordinal="5" sl="16" sc="13" el="16" ec="32" />
        <SequencePoint vc="1" uspid="11" ordinal="6" sl="18" sc="13" el="18" ec="45" />
      </Method>
      <Method visited="true" isConstructor="false">
        <Name>System.Void MiniCover.XUnit.Tests.UnitTest1::XUnitTest2()</Name>
        <FileRef uid="2" />
        <SequencePoint vc="1" uspid="12" ordinal="1" sl="24" sc="13" el="24" ec="23" />
        <SequencePoint vc="1" uspid="13" ordinal="2" sl="25" sc="13" el="25" ec="23" />
        <SequencePoint vc="1" uspid="14" ordinal="3" sl="27" sc="13" el="27" ec="24" />
        <SequencePoint vc="0" uspid="15" ordinal="4" sl="29" sc="17" el="29" ec="36" />
        <SequencePoint vc="1" uspid="16" ordinal="5" sl="32" sc="13" el="32" ec="48" />
      </Method>
    </Class>
  </Module>
  <Module hash="6a8354f1-0cdb-4de0-ac8b-08040cc1be9a">
    <FullName>MiniCover.NUnit.Tests</FullName>
    <ModuleName>MiniCover.NUnit.Tests</ModuleName>
    <File uid="3" fullPath="/home/carlos/micover/minicover/test/MiniCover.NUnit.Tests/UnitTest1.cs" />
    <Class>
      <FullName>MiniCover.NUnit.Tests.UnitTest1</FullName>
      <Method visited="true" isConstructor="false">
        <Name>System.Void MiniCover.NUnit.Tests.UnitTest1::NUnitTest1()</Name>
        <FileRef uid="3" />
        <SequencePoint vc="1" uspid="17" ordinal="1" sl="12" sc="13" el="12" ec="23" />
        <SequencePoint vc="1" uspid="18" ordinal="2" sl="13" sc="13" el="13" ec="23" />
        <SequencePoint vc="1" uspid="19" ordinal="3" sl="14" sc="13" el="14" ec="27" />
        <SequencePoint vc="1" uspid="20" ordinal="4" sl="16" sc="13" el="16" ec="35" />
        <SequencePoint vc="1" uspid="21" ordinal="5" sl="17" sc="13" el="17" ec="35" />
        <SequencePoint vc="1" uspid="22" ordinal="6" sl="19" sc="13" el="19" ec="45" />
      </Method>
      <Method visited="true" isConstructor="false">
        <Name>System.Void MiniCover.NUnit.Tests.UnitTest1::NUnitTest2()</Name>
        <FileRef uid="3" />
        <SequencePoint vc="1" uspid="23" ordinal="1" sl="25" sc="13" el="25" ec="23" />
        <SequencePoint vc="1" uspid="24" ordinal="2" sl="26" sc="13" el="26" ec="23" />
        <SequencePoint vc="1" uspid="25" ordinal="3" sl="28" sc="13" el="28" ec="24" />
        <SequencePoint vc="0" uspid="26" ordinal="4" sl="30" sc="17" el="30" ec="39" />
        <SequencePoint vc="1" uspid="27" ordinal="5" sl="33" sc="13" el="33" ec="48" />
      </Method>
    </Class>
  </Module>
</CoverageSession>